#
# There is insufficient memory for the Java Runtime Environment to continue.
# Native memory allocation (malloc) failed to allocate 1053936 bytes. Error detail: Chunk::new
# Possible reasons:
#   The system is out of physical RAM or swap space
#   This process is running with CompressedOops enabled, and the Java Heap may be blocking the growth of the native heap
# Possible solutions:
#   Reduce memory load on the system
#   Increase physical memory or swap space
#   Check if swap backing store is full
#   Decrease Java heap size (-Xmx/-Xms)
#   Decrease number of Java threads
#   Decrease Java thread stack sizes (-Xss)
#   Set larger code cache with -XX:ReservedCodeCacheSize=
#   JVM is running with Unscaled Compressed Oops mode in which the Java heap is
#     placed in the first 4GB address space. The Java Heap base address is the
#     maximum limit for the native heap growth. Please use -XX:HeapBaseMinAddress
#     to set the Java Heap base and to place the Java Heap above 4GB virtual address.
# This output file may be truncated or incomplete.
#
#  Out of Memory Error (arena.cpp:168), pid=6852, tid=15024
#
# JRE version: OpenJDK Runtime Environment Temurin-21.0.10+7 (21.0.10+7) (build 21.0.10+7-LTS)
# Java VM: OpenJDK 64-Bit Server VM Temurin-21.0.10+7 (21.0.10+7-LTS, mixed mode, sharing, tiered, compressed oops, compressed class ptrs, parallel gc, windows-amd64)
# No core dump will be written. Minidumps are not enabled by default on client versions of Windows
#

---------------  S U M M A R Y ------------

Command Line: --add-modules=ALL-SYSTEM --add-opens=java.base/java.util=ALL-UNNAMED --add-opens=java.base/java.lang=ALL-UNNAMED --add-opens=java.base/sun.nio.fs=ALL-UNNAMED -Declipse.application=org.eclipse.jdt.ls.core.id1 -Dosgi.bundles.defaultStartLevel=4 -Declipse.product=org.eclipse.jdt.ls.core.product -Djava.import.generatesMetadataFilesAtProjectRoot=false -DDetectVMInstallationsJob.disabled=true -Dfile.encoding=utf8 -XX:+UseParallelGC -XX:GCTimeRatio=4 -XX:AdaptiveSizePolicyWeight=90 -Dsun.zip.disableMemoryMapping=true -Xmx2G -Xms100m -Xlog:disable -javaagent:c:\Users\vaish\.vscode\extensions\redhat.java-1.53.0-win32-x64\lombok\lombok-1.18.39-4050.jar -XX:+HeapDumpOnOutOfMemoryError -XX:HeapDumpPath=c:\Users\vaish\AppData\Roaming\Code\User\workspaceStorage\20de42a7cf3f1c8f85030cc46252e7f7\redhat.java -Daether.dependencyCollector.impl=bf c:\Users\vaish\.vscode\extensions\redhat.java-1.53.0-win32-x64\server\plugins\org.eclipse.equinox.launcher_1.7.100.v20251111-0406.jar -configuration c:\Users\vaish\AppData\Roaming\Code\User\globalStorage\redhat.java\1.53.0\config_win -data c:\Users\vaish\AppData\Roaming\Code\User\workspaceStorage\20de42a7cf3f1c8f85030cc46252e7f7\redhat.java\jdt_ws --pipe=\\.\pipe\lsp-cfa3892eaa1f2f2ac6e70db56e2c3309-sock

Host: AMD Ryzen 5 7520U with Radeon Graphics         , 8 cores, 7G,  Windows 11 , 64 bit Build 26100 (10.0.26100.7705)
Time: Sun Mar  8 15:15:04 2026 India Standard Time elapsed time: 51.031140 seconds (0d 0h 0m 51s)

---------------  T H R E A D  ---------------

Current thread (0x0000015d2b2796e0):  JavaThread "C2 CompilerThread0" daemon [_thread_in_native, id=15024, stack(0x0000002e78c00000,0x0000002e78d00000) (1024K)]


Current CompileTask:
C2:51031 11391       4       java.lang.invoke.DirectMethodHandle::make (275 bytes)

Stack: [0x0000002e78c00000,0x0000002e78d00000]
Native frames: (J=compiled Java code, j=interpreted, Vv=VM code, C=native code)
V  [jvm.dll+0x6d7a39]
V  [jvm.dll+0x8b4b26]
V  [jvm.dll+0x8b70de]
V  [jvm.dll+0x8b77c3]
V  [jvm.dll+0x284346]
V  [jvm.dll+0xc66ed]
V  [jvm.dll+0xc6c31]
V  [jvm.dll+0x3bec01]
V  [jvm.dll+0x38b162]
V  [jvm.dll+0x38a5aa]
V  [jvm.dll+0x24c560]
V  [jvm.dll+0x24bb40]
V  [jvm.dll+0x1cb34e]
V  [jvm.dll+0x25b85d]
V  [jvm.dll+0x259dea]
V  [jvm.dll+0x3f857e]
V  [jvm.dll+0x85f59d]
V  [jvm.dll+0x6d626d]
C  [ucrtbase.dll+0x37b0]
C  [KERNEL32.DLL+0x2e8d7]
C  [ntdll.dll+0x8c40c]


---------------  P R O C E S S  ---------------

Threads class SMR info:
_java_thread_list=0x0000015d8ab2d390, length=42, elements={
0x0000015d2b2f0fa0, 0x0000015d2b258400, 0x0000015d2b39e680, 0x0000015d2b25e4d0,
0x0000015d2b261040, 0x0000015d2b264540, 0x0000015d2b266500, 0x0000015d2b2796e0,
0x0000015d84580090, 0x0000015d847753f0, 0x0000015d848900c0, 0x0000015d897f7990,
0x0000015d899c6750, 0x0000015d899c7470, 0x0000015d899c8820, 0x0000015d899c60c0,
0x0000015d899c7b00, 0x0000015d899c5a30, 0x0000015d899c8190, 0x0000015d89349bd0,
0x0000015d89349540, 0x0000015d8934a8f0, 0x0000015d8934a260, 0x0000015d89348eb0,
0x0000015d8934e400, 0x0000015d8934af80, 0x0000015d8934d6e0, 0x0000015d8934bca0,
0x0000015d8934c330, 0x0000015d8934dd70, 0x0000015d8934c9c0, 0x0000015d8934ea90,
0x0000015d8934b610, 0x0000015d8934f120, 0x0000015d8934f7b0, 0x0000015d8934fe40,
0x0000015d893504d0, 0x0000015d899c6de0, 0x0000015d8908c2c0, 0x0000015d8908a1f0,
0x0000015d89090af0, 0x0000015d90d64200
}

Java Threads: ( => current thread )
  0x0000015d2b2f0fa0 JavaThread "main"                              [_thread_blocked, id=15416, stack(0x0000002e78200000,0x0000002e78300000) (1024K)]
  0x0000015d2b258400 JavaThread "Reference Handler"          daemon [_thread_blocked, id=17292, stack(0x0000002e78600000,0x0000002e78700000) (1024K)]
  0x0000015d2b39e680 JavaThread "Finalizer"                  daemon [_thread_blocked, id=20732, stack(0x0000002e78700000,0x0000002e78800000) (1024K)]
  0x0000015d2b25e4d0 JavaThread "Signal Dispatcher"          daemon [_thread_blocked, id=18220, stack(0x0000002e78800000,0x0000002e78900000) (1024K)]
  0x0000015d2b261040 JavaThread "Attach Listener"            daemon [_thread_blocked, id=21304, stack(0x0000002e78900000,0x0000002e78a00000) (1024K)]
  0x0000015d2b264540 JavaThread "Service Thread"             daemon [_thread_blocked, id=22812, stack(0x0000002e78a00000,0x0000002e78b00000) (1024K)]
  0x0000015d2b266500 JavaThread "Monitor Deflation Thread"   daemon [_thread_blocked, id=9916, stack(0x0000002e78b00000,0x0000002e78c00000) (1024K)]
=>0x0000015d2b2796e0 JavaThread "C2 CompilerThread0"         daemon [_thread_in_native, id=15024, stack(0x0000002e78c00000,0x0000002e78d00000) (1024K)]
  0x0000015d84580090 JavaThread "C1 CompilerThread0"         daemon [_thread_in_native, id=20124, stack(0x0000002e78d00000,0x0000002e78e00000) (1024K)]
  0x0000015d847753f0 JavaThread "Common-Cleaner"             daemon [_thread_blocked, id=11540, stack(0x0000002e78f00000,0x0000002e79000000) (1024K)]
  0x0000015d848900c0 JavaThread "Notification Thread"        daemon [_thread_blocked, id=17884, stack(0x0000002e78e00000,0x0000002e78f00000) (1024K)]
  0x0000015d897f7990 JavaThread "Active Thread: Equinox Container: 27e36561-4ba7-45d0-8bc0-bf875c157aca"        [_thread_blocked, id=14456, stack(0x0000002e79d00000,0x0000002e79e00000) (1024K)]
  0x0000015d899c6750 JavaThread "Framework Event Dispatcher: Equinox Container: 27e36561-4ba7-45d0-8bc0-bf875c157aca" daemon [_thread_blocked, id=17116, stack(0x0000002e79000000,0x0000002e79100000) (1024K)]
  0x0000015d899c7470 JavaThread "Start Level: Equinox Container: 27e36561-4ba7-45d0-8bc0-bf875c157aca" daemon [_thread_blocked, id=12556, stack(0x0000002e79e00000,0x0000002e79f00000) (1024K)]
  0x0000015d899c8820 JavaThread "Bundle File Closer"         daemon [_thread_blocked, id=2600, stack(0x0000002e7a100000,0x0000002e7a200000) (1024K)]
  0x0000015d899c60c0 JavaThread "Refresh Thread: Equinox Container: 27e36561-4ba7-45d0-8bc0-bf875c157aca" daemon [_thread_blocked, id=15828, stack(0x0000002e7a200000,0x0000002e7a300000) (1024K)]
  0x0000015d899c7b00 JavaThread "SCR Component Actor"        daemon [_thread_blocked, id=9524, stack(0x0000002e7a500000,0x0000002e7a600000) (1024K)]
  0x0000015d899c5a30 JavaThread "Worker-JM"                         [_thread_blocked, id=23300, stack(0x0000002e7a600000,0x0000002e7a700000) (1024K)]
  0x0000015d899c8190 JavaThread "Worker-0: Check JDK Index"         [_thread_blocked, id=15212, stack(0x0000002e7a000000,0x0000002e7a100000) (1024K)]
  0x0000015d89349bd0 JavaThread "Worker-1"                          [_thread_blocked, id=18344, stack(0x0000002e7a700000,0x0000002e7a800000) (1024K)]
  0x0000015d89349540 JavaThread "Worker-2"                          [_thread_blocked, id=10952, stack(0x0000002e7a800000,0x0000002e7a900000) (1024K)]
  0x0000015d8934a8f0 JavaThread "Worker-3"                          [_thread_blocked, id=14316, stack(0x0000002e7a900000,0x0000002e7aa00000) (1024K)]
  0x0000015d8934a260 JavaThread "Java indexing"              daemon [_thread_in_vm, id=2144, stack(0x0000002e79700000,0x0000002e79800000) (1024K)]
  0x0000015d89348eb0 JavaThread "Worker-4: Java indexing... "        [_thread_blocked, id=8564, stack(0x0000002e79800000,0x0000002e79900000) (1024K)]
  0x0000015d8934e400 JavaThread "JNA Cleaner"                daemon [_thread_blocked, id=17936, stack(0x0000002e79a00000,0x0000002e79b00000) (1024K)]
  0x0000015d8934af80 JavaThread "Worker-5"                          [_thread_blocked, id=21632, stack(0x0000002e7a300000,0x0000002e7a400000) (1024K)]
  0x0000015d8934d6e0 JavaThread "Thread-1"                   daemon [_thread_in_native, id=22520, stack(0x0000002e7a400000,0x0000002e7a500000) (1024K)]
  0x0000015d8934bca0 JavaThread "Thread-2"                   daemon [_thread_in_native, id=9400, stack(0x0000002e7aa00000,0x0000002e7ab00000) (1024K)]
  0x0000015d8934c330 JavaThread "Thread-3"                   daemon [_thread_in_native, id=20264, stack(0x0000002e7ab00000,0x0000002e7ac00000) (1024K)]
  0x0000015d8934dd70 JavaThread "Thread-4"                   daemon [_thread_in_native, id=8460, stack(0x0000002e7ac00000,0x0000002e7ad00000) (1024K)]
  0x0000015d8934c9c0 JavaThread "Thread-5"                   daemon [_thread_in_native, id=22596, stack(0x0000002e7ad00000,0x0000002e7ae00000) (1024K)]
  0x0000015d8934ea90 JavaThread "Thread-6"                   daemon [_thread_in_native, id=18148, stack(0x0000002e7ae00000,0x0000002e7af00000) (1024K)]
  0x0000015d8934b610 JavaThread "Thread-7"                   daemon [_thread_in_native, id=17548, stack(0x0000002e7af00000,0x0000002e7b000000) (1024K)]
  0x0000015d8934f120 JavaThread "Thread-8"                   daemon [_thread_in_native, id=18548, stack(0x0000002e7b000000,0x0000002e7b100000) (1024K)]
  0x0000015d8934f7b0 JavaThread "Thread-9"                   daemon [_thread_in_native, id=18424, stack(0x0000002e7b100000,0x0000002e7b200000) (1024K)]
  0x0000015d8934fe40 JavaThread "pool-2-thread-1"                   [_thread_blocked, id=12816, stack(0x0000002e7b200000,0x0000002e7b300000) (1024K)]
  0x0000015d893504d0 JavaThread "WorkspaceEventsHandler"            [_thread_blocked, id=11352, stack(0x0000002e7b300000,0x0000002e7b400000) (1024K)]
  0x0000015d899c6de0 JavaThread "pool-1-thread-1"                   [_thread_blocked, id=11512, stack(0x0000002e7b400000,0x0000002e7b500000) (1024K)]
  0x0000015d8908c2c0 JavaThread "Worker-6"                          [_thread_blocked, id=13684, stack(0x0000002e7b500000,0x0000002e7b600000) (1024K)]
  0x0000015d8908a1f0 JavaThread "Worker-7: Initialize workspace"        [_thread_in_native, id=7084, stack(0x0000002e7b600000,0x0000002e7b700000) (1024K)]
  0x0000015d89090af0 JavaThread "Worker-8"                          [_thread_blocked, id=17544, stack(0x0000002e7b700000,0x0000002e7b800000) (1024K)]
  0x0000015d90d64200 JavaThread "C2 CompilerThread1"         daemon [_thread_in_native, id=7688, stack(0x0000002e79900000,0x0000002e79a00000) (1024K)]
Total: 42

Other Threads:
  0x0000015d2b253130 VMThread "VM Thread"                           [id=18200, stack(0x0000002e78500000,0x0000002e78600000) (1024K)]
  0x0000015d2b16ca00 WatcherThread "VM Periodic Task Thread"        [id=18284, stack(0x0000002e78400000,0x0000002e78500000) (1024K)]
  0x0000015d2b309a80 WorkerThread "GC Thread#0"                     [id=8920, stack(0x0000002e78300000,0x0000002e78400000) (1024K)]
  0x0000015d8983b560 WorkerThread "GC Thread#1"                     [id=10436, stack(0x0000002e79100000,0x0000002e79200000) (1024K)]
  0x0000015d895de7b0 WorkerThread "GC Thread#2"                     [id=12892, stack(0x0000002e79200000,0x0000002e79300000) (1024K)]
  0x0000015d895cd600 WorkerThread "GC Thread#3"                     [id=3388, stack(0x0000002e79300000,0x0000002e79400000) (1024K)]
  0x0000015d8983b910 WorkerThread "GC Thread#4"                     [id=8420, stack(0x0000002e79400000,0x0000002e79500000) (1024K)]
  0x0000015d894d6020 WorkerThread "GC Thread#5"                     [id=17832, stack(0x0000002e79500000,0x0000002e79600000) (1024K)]
  0x0000015d894d63d0 WorkerThread "GC Thread#6"                     [id=10232, stack(0x0000002e79600000,0x0000002e79700000) (1024K)]
  0x0000015d84818e50 WorkerThread "GC Thread#7"                     [id=2944, stack(0x0000002e79f00000,0x0000002e7a000000) (1024K)]
Total: 10

Threads with active compile tasks:
C2 CompilerThread0  51072 11391       4       java.lang.invoke.DirectMethodHandle::make (275 bytes)
C2 CompilerThread1  51072 11480       4       org.eclipse.osgi.internal.loader.classpath.ClasspathEntry::findResource (65 bytes)
Total: 2

VM state: not at safepoint (normal execution)

VM Mutex/Monitor currently owned by a thread: None

Heap address: 0x0000000080000000, size: 2048 MB, Compressed Oops mode: 32-bit

CDS archive(s) mapped at: [0x0000015d42000000-0x0000015d42ba0000-0x0000015d42ba0000), size 12189696, SharedBaseAddress: 0x0000015d42000000, ArchiveRelocationMode: 1.
Compressed class space mapped at: 0x0000015d43000000-0x0000015d83000000, reserved size: 1073741824
Narrow klass base: 0x0000015d42000000, Narrow klass shift: 0, Narrow klass range: 0x100000000

GC Precious Log:
 CardTable entry size: 512
 CPUs: 8 total, 8 available
 Memory: 7418M
 Large Page Support: Disabled
 NUMA Support: Disabled
 Compressed Oops: Enabled (32-bit)
 Alignments: Space 512K, Generation 512K, Heap 2M
 Heap Min Capacity: 100M
 Heap Initial Capacity: 100M
 Heap Max Capacity: 2G
 Pre-touch: Disabled
 Parallel Workers: 8

Heap:
 PSYoungGen      total 13312K, used 3879K [0x00000000d5580000, 0x00000000d6400000, 0x0000000100000000)
  eden space 12288K, 27% used [0x00000000d5580000,0x00000000d58c1c00,0x00000000d6180000)
  from space 1024K, 53% used [0x00000000d6280000,0x00000000d6308020,0x00000000d6380000)
  to   space 512K, 0% used [0x00000000d6380000,0x00000000d6380000,0x00000000d6400000)
 ParOldGen       total 72192K, used 46872K [0x0000000080000000, 0x0000000084680000, 0x00000000d5580000)
  object space 72192K, 64% used [0x0000000080000000,0x0000000082dc6000,0x0000000084680000)
 Metaspace       used 61474K, committed 62912K, reserved 1114112K
  class space    used 6519K, committed 7104K, reserved 1048576K

Card table byte_map: [0x0000015d2ac80000,0x0000015d2b090000] _byte_map_base: 0x0000015d2a880000

Marking Bits: (ParMarkBitMap*) 0x00007ffb237f3450
 Begin Bits: [0x0000015d3d790000, 0x0000015d3f790000)
 End Bits:   [0x0000015d3f790000, 0x0000015d41790000)

Polling page: 0x0000015d29240000

Metaspace:

Usage:
  Non-class:     53.67 MB used.
      Class:      6.37 MB used.
       Both:     60.03 MB used.

Virtual space:
  Non-class space:       64.00 MB reserved,      54.50 MB ( 85%) committed,  1 nodes.
      Class space:        1.00 GB reserved,       6.94 MB ( <1%) committed,  1 nodes.
             Both:        1.06 GB reserved,      61.44 MB (  6%) committed. 

Chunk freelists:
   Non-Class:  9.36 MB
       Class:  9.00 MB
        Both:  18.36 MB

MaxMetaspaceSize: unlimited
CompressedClassSpaceSize: 1.00 GB
Initial GC threshold: 21.00 MB
Current GC threshold: 97.31 MB
CDS: on
 - commit_granule_bytes: 65536.
 - commit_granule_words: 8192.
 - virtual_space_node_default_size: 8388608.
 - enlarge_chunks_in_place: 1.
 - use_allocation_guard: 0.


Internal statistics:

num_allocs_failed_limit: 9.
num_arena_births: 1120.
num_arena_deaths: 46.
num_vsnodes_births: 2.
num_vsnodes_deaths: 0.
num_space_committed: 983.
num_space_uncommitted: 0.
num_chunks_returned_to_freelist: 61.
num_chunks_taken_from_freelist: 4048.
num_chunk_merges: 20.
num_chunk_splits: 2455.
num_chunks_enlarged: 1350.
num_inconsistent_stats: 0.

CodeHeap 'non-profiled nmethods': size=120000Kb used=6875Kb max_used=6919Kb free=113124Kb
 bounds [0x0000015d35fb0000, 0x0000015d36680000, 0x0000015d3d4e0000]
CodeHeap 'profiled nmethods': size=120000Kb used=23251Kb max_used=23462Kb free=96748Kb
 bounds [0x0000015d2e4e0000, 0x0000015d2fbd0000, 0x0000015d35a10000]
CodeHeap 'non-nmethods': size=5760Kb used=1412Kb max_used=1467Kb free=4348Kb
 bounds [0x0000015d35a10000, 0x0000015d35c80000, 0x0000015d35fb0000]
CodeCache: size=245760Kb, used=31538Kb, max_used=31848Kb, free=214220Kb
 total_blobs=11266, nmethods=10544, adapters=628, full_count=0
Compilation: enabled, stopped_count=0, restarted_count=0

Compilation events (20 events):
Event: 49.980 Thread 0x0000015d84580090 11472       3       org.eclipse.jdt.internal.compiler.classfmt.ClassFileReader::read (7 bytes)
Event: 49.980 Thread 0x0000015d84580090 nmethod 11472 0x0000015d2edb6910 code [0x0000015d2edb6ac0, 0x0000015d2edb6be0]
Event: 49.981 Thread 0x0000015d84580090 11474       3       java.lang.StringConcatHelper::newString (67 bytes)
Event: 49.982 Thread 0x0000015d84580090 nmethod 11474 0x0000015d2edb5a10 code [0x0000015d2edb5c80, 0x0000015d2edb65a8]
Event: 49.984 Thread 0x0000015d84580090 11473   !   3       org.eclipse.jdt.internal.compiler.classfmt.ClassFileReader::read (134 bytes)
Event: 49.991 Thread 0x0000015d84580090 nmethod 11473 0x0000015d2edb1710 code [0x0000015d2edb1c20, 0x0000015d2edb4800]
Event: 49.997 Thread 0x0000015d84580090 11475       3       java.lang.StringConcatHelper::mix (27 bytes)
Event: 49.998 Thread 0x0000015d84580090 nmethod 11475 0x0000015d2ef64590 code [0x0000015d2ef64760, 0x0000015d2ef64b40]
Event: 50.003 Thread 0x0000015d84580090 11477       3       java.util.jar.JarFile::<init> (11 bytes)
Event: 50.003 Thread 0x0000015d84580090 nmethod 11477 0x0000015d2edb1290 code [0x0000015d2edb1440, 0x0000015d2edb1588]
Event: 50.009 Thread 0x0000015d84580090 11478       3       sun.nio.fs.WindowsFileSystemProvider::readAttributes (63 bytes)
Event: 50.009 Thread 0x0000015d84580090 nmethod 11478 0x0000015d2ef63b90 code [0x0000015d2ef63da0, 0x0000015d2ef643a8]
Event: 50.010 Thread 0x0000015d84580090 11479   !   3       org.eclipse.osgi.internal.loader.BundleLoader::isDynamicallyImported (150 bytes)
Event: 50.011 Thread 0x0000015d84580090 nmethod 11479 0x0000015d2ef62c10 code [0x0000015d2ef62e60, 0x0000015d2ef637d0]
Event: 50.014 Thread 0x0000015d90d64200 nmethod 11450 0x0000015d3617e390 code [0x0000015d3617e580, 0x0000015d3617f108]
Event: 50.015 Thread 0x0000015d90d64200 11467       4       java.util.jar.Attributes$Name::hash (148 bytes)
Event: 50.021 Thread 0x0000015d90d64200 nmethod 11467 0x0000015d3617dc10 code [0x0000015d3617ddc0, 0x0000015d3617e090]
Event: 50.021 Thread 0x0000015d90d64200 11480       4       org.eclipse.osgi.internal.loader.classpath.ClasspathEntry::findResource (65 bytes)
Event: 50.740 Thread 0x0000015d84580090 11482  s    3       org.eclipse.jdt.internal.core.search.processing.JobManager::awaitingJobsCount (21 bytes)
Event: 50.740 Thread 0x0000015d84580090 nmethod 11482 0x0000015d2ef62690 code [0x0000015d2ef62840, 0x0000015d2ef62b28]

GC Heap History (20 events):
Event: 43.458 GC heap before
{Heap before GC invocations=59 (full 2):
 PSYoungGen      total 13312K, used 12659K [0x00000000d5580000, 0x00000000d6380000, 0x0000000100000000)
  eden space 12288K, 99% used [0x00000000d5580000,0x00000000d617cf88,0x00000000d6180000)
  from space 1024K, 37% used [0x00000000d6280000,0x00000000d62e0000,0x00000000d6380000)
  to   space 1024K, 0% used [0x00000000d6180000,0x00000000d6180000,0x00000000d6280000)
 ParOldGen       total 68608K, used 67674K [0x0000000080000000, 0x0000000084300000, 0x00000000d5580000)
  object space 68608K, 98% used [0x0000000080000000,0x0000000084216b78,0x0000000084300000)
 Metaspace       used 56258K, committed 57600K, reserved 1114112K
  class space    used 6030K, committed 6592K, reserved 1048576K
}
Event: 43.461 GC heap after
{Heap after GC invocations=59 (full 2):
 PSYoungGen      total 13312K, used 512K [0x00000000d5580000, 0x00000000d6380000, 0x0000000100000000)
  eden space 12288K, 0% used [0x00000000d5580000,0x00000000d5580000,0x00000000d6180000)
  from space 1024K, 50% used [0x00000000d6180000,0x00000000d6200000,0x00000000d6280000)
  to   space 1024K, 0% used [0x00000000d6280000,0x00000000d6280000,0x00000000d6380000)
 ParOldGen       total 69632K, used 68752K [0x0000000080000000, 0x0000000084400000, 0x00000000d5580000)
  object space 69632K, 98% used [0x0000000080000000,0x0000000084324088,0x0000000084400000)
 Metaspace       used 56258K, committed 57600K, reserved 1114112K
  class space    used 6030K, committed 6592K, reserved 1048576K
}
Event: 44.054 GC heap before
{Heap before GC invocations=60 (full 2):
 PSYoungGen      total 13312K, used 12755K [0x00000000d5580000, 0x00000000d6380000, 0x0000000100000000)
  eden space 12288K, 99% used [0x00000000d5580000,0x00000000d6174ea0,0x00000000d6180000)
  from space 1024K, 50% used [0x00000000d6180000,0x00000000d6200000,0x00000000d6280000)
  to   space 1024K, 0% used [0x00000000d6280000,0x00000000d6280000,0x00000000d6380000)
 ParOldGen       total 69632K, used 68752K [0x0000000080000000, 0x0000000084400000, 0x00000000d5580000)
  object space 69632K, 98% used [0x0000000080000000,0x0000000084324088,0x0000000084400000)
 Metaspace       used 56831K, committed 58176K, reserved 1114112K
  class space    used 6082K, committed 6656K, reserved 1048576K
}
Event: 44.056 GC heap after
{Heap after GC invocations=60 (full 2):
 PSYoungGen      total 12800K, used 352K [0x00000000d5580000, 0x00000000d6300000, 0x0000000100000000)
  eden space 12288K, 0% used [0x00000000d5580000,0x00000000d5580000,0x00000000d6180000)
  from space 512K, 68% used [0x00000000d6280000,0x00000000d62d8000,0x00000000d6300000)
  to   space 512K, 0% used [0x00000000d6200000,0x00000000d6200000,0x00000000d6280000)
 ParOldGen       total 69632K, used 69104K [0x0000000080000000, 0x0000000084400000, 0x00000000d5580000)
  object space 69632K, 99% used [0x0000000080000000,0x000000008437c088,0x0000000084400000)
 Metaspace       used 56831K, committed 58176K, reserved 1114112K
  class space    used 6082K, committed 6656K, reserved 1048576K
}
Event: 44.481 GC heap before
{Heap before GC invocations=61 (full 2):
 PSYoungGen      total 12800K, used 12640K [0x00000000d5580000, 0x00000000d6300000, 0x0000000100000000)
  eden space 12288K, 100% used [0x00000000d5580000,0x00000000d6180000,0x00000000d6180000)
  from space 512K, 68% used [0x00000000d6280000,0x00000000d62d8000,0x00000000d6300000)
  to   space 512K, 0% used [0x00000000d6200000,0x00000000d6200000,0x00000000d6280000)
 ParOldGen       total 69632K, used 69104K [0x0000000080000000, 0x0000000084400000, 0x00000000d5580000)
  object space 69632K, 99% used [0x0000000080000000,0x000000008437c088,0x0000000084400000)
 Metaspace       used 58038K, committed 59328K, reserved 1114112K
  class space    used 6159K, committed 6720K, reserved 1048576K
}
Event: 44.484 GC heap after
{Heap after GC invocations=61 (full 2):
 PSYoungGen      total 12800K, used 511K [0x00000000d5580000, 0x00000000d6580000, 0x0000000100000000)
  eden space 12288K, 0% used [0x00000000d5580000,0x00000000d5580000,0x00000000d6180000)
  from space 512K, 99% used [0x00000000d6200000,0x00000000d627fdd8,0x00000000d6280000)
  to   space 2048K, 0% used [0x00000000d6380000,0x00000000d6380000,0x00000000d6580000)
 ParOldGen       total 70144K, used 70098K [0x0000000080000000, 0x0000000084480000, 0x00000000d5580000)
  object space 70144K, 99% used [0x0000000080000000,0x0000000084474a68,0x0000000084480000)
 Metaspace       used 58038K, committed 59328K, reserved 1114112K
  class space    used 6159K, committed 6720K, reserved 1048576K
}
Event: 44.923 GC heap before
{Heap before GC invocations=62 (full 2):
 PSYoungGen      total 12800K, used 12799K [0x00000000d5580000, 0x00000000d6580000, 0x0000000100000000)
  eden space 12288K, 100% used [0x00000000d5580000,0x00000000d6180000,0x00000000d6180000)
  from space 512K, 99% used [0x00000000d6200000,0x00000000d627fdd8,0x00000000d6280000)
  to   space 2048K, 0% used [0x00000000d6380000,0x00000000d6380000,0x00000000d6580000)
 ParOldGen       total 70144K, used 70098K [0x0000000080000000, 0x0000000084480000, 0x00000000d5580000)
  object space 70144K, 99% used [0x0000000080000000,0x0000000084474a68,0x0000000084480000)
 Metaspace       used 58158K, committed 59520K, reserved 1114112K
  class space    used 6177K, committed 6784K, reserved 1048576K
}
Event: 44.927 GC heap after
{Heap after GC invocations=62 (full 2):
 PSYoungGen      total 14336K, used 1660K [0x00000000d5580000, 0x00000000d6580000, 0x0000000100000000)
  eden space 12288K, 0% used [0x00000000d5580000,0x00000000d5580000,0x00000000d6180000)
  from space 2048K, 81% used [0x00000000d6380000,0x00000000d651f1f0,0x00000000d6580000)
  to   space 2048K, 0% used [0x00000000d6180000,0x00000000d6180000,0x00000000d6380000)
 ParOldGen       total 70656K, used 70315K [0x0000000080000000, 0x0000000084500000, 0x00000000d5580000)
  object space 70656K, 99% used [0x0000000080000000,0x00000000844aaed8,0x0000000084500000)
 Metaspace       used 58158K, committed 59520K, reserved 1114112K
  class space    used 6177K, committed 6784K, reserved 1048576K
}
Event: 45.116 GC heap before
{Heap before GC invocations=63 (full 2):
 PSYoungGen      total 14336K, used 13859K [0x00000000d5580000, 0x00000000d6580000, 0x0000000100000000)
  eden space 12288K, 99% used [0x00000000d5580000,0x00000000d6169da0,0x00000000d6180000)
  from space 2048K, 81% used [0x00000000d6380000,0x00000000d651f1f0,0x00000000d6580000)
  to   space 2048K, 0% used [0x00000000d6180000,0x00000000d6180000,0x00000000d6380000)
 ParOldGen       total 70656K, used 70315K [0x0000000080000000, 0x0000000084500000, 0x00000000d5580000)
  object space 70656K, 99% used [0x0000000080000000,0x00000000844aaed8,0x0000000084500000)
 Metaspace       used 58272K, committed 59648K, reserved 1114112K
  class space    used 6194K, committed 6784K, reserved 1048576K
}
Event: 45.121 GC heap after
{Heap after GC invocations=63 (full 2):
 PSYoungGen      total 14336K, used 2039K [0x00000000d5580000, 0x00000000d6680000, 0x0000000100000000)
  eden space 12288K, 0% used [0x00000000d5580000,0x00000000d5580000,0x00000000d6180000)
  from space 2048K, 99% used [0x00000000d6180000,0x00000000d637dc10,0x00000000d6380000)
  to   space 2560K, 0% used [0x00000000d6400000,0x00000000d6400000,0x00000000d6680000)
 ParOldGen       total 71168K, used 70667K [0x0000000080000000, 0x0000000084580000, 0x00000000d5580000)
  object space 71168K, 99% used [0x0000000080000000,0x0000000084502ed8,0x0000000084580000)
 Metaspace       used 58272K, committed 59648K, reserved 1114112K
  class space    used 6194K, committed 6784K, reserved 1048576K
}
Event: 45.273 GC heap before
{Heap before GC invocations=64 (full 2):
 PSYoungGen      total 14336K, used 10164K [0x00000000d5580000, 0x00000000d6680000, 0x0000000100000000)
  eden space 12288K, 66% used [0x00000000d5580000,0x00000000d5d6f7d8,0x00000000d6180000)
  from space 2048K, 99% used [0x00000000d6180000,0x00000000d637dc10,0x00000000d6380000)
  to   space 2560K, 0% used [0x00000000d6400000,0x00000000d6400000,0x00000000d6680000)
 ParOldGen       total 71168K, used 70667K [0x0000000080000000, 0x0000000084580000, 0x00000000d5580000)
  object space 71168K, 99% used [0x0000000080000000,0x0000000084502ed8,0x0000000084580000)
 Metaspace       used 58452K, committed 59776K, reserved 1114112K
  class space    used 6214K, committed 6784K, reserved 1048576K
}
Event: 45.276 GC heap after
{Heap after GC invocations=64 (full 2):
 PSYoungGen      total 13312K, used 930K [0x00000000d5580000, 0x00000000d6500000, 0x0000000100000000)
  eden space 12288K, 0% used [0x00000000d5580000,0x00000000d5580000,0x00000000d6180000)
  from space 1024K, 90% used [0x00000000d6400000,0x00000000d64e88e8,0x00000000d6500000)
  to   space 1536K, 0% used [0x00000000d6200000,0x00000000d6200000,0x00000000d6380000)
 ParOldGen       total 72192K, used 71600K [0x0000000080000000, 0x0000000084680000, 0x00000000d5580000)
  object space 72192K, 99% used [0x0000000080000000,0x00000000845ec3e8,0x0000000084680000)
 Metaspace       used 58452K, committed 59776K, reserved 1114112K
  class space    used 6214K, committed 6784K, reserved 1048576K
}
Event: 45.277 GC heap before
{Heap before GC invocations=65 (full 3):
 PSYoungGen      total 13312K, used 930K [0x00000000d5580000, 0x00000000d6500000, 0x0000000100000000)
  eden space 12288K, 0% used [0x00000000d5580000,0x00000000d5580000,0x00000000d6180000)
  from space 1024K, 90% used [0x00000000d6400000,0x00000000d64e88e8,0x00000000d6500000)
  to   space 1536K, 0% used [0x00000000d6200000,0x00000000d6200000,0x00000000d6380000)
 ParOldGen       total 72192K, used 71600K [0x0000000080000000, 0x0000000084680000, 0x00000000d5580000)
  object space 72192K, 99% used [0x0000000080000000,0x00000000845ec3e8,0x0000000084680000)
 Metaspace       used 58452K, committed 59776K, reserved 1114112K
  class space    used 6214K, committed 6784K, reserved 1048576K
}
Event: 45.466 GC heap after
{Heap after GC invocations=65 (full 3):
 PSYoungGen      total 13312K, used 0K [0x00000000d5580000, 0x00000000d6500000, 0x0000000100000000)
  eden space 12288K, 0% used [0x00000000d5580000,0x00000000d5580000,0x00000000d6180000)
  from space 1024K, 0% used [0x00000000d6400000,0x00000000d6400000,0x00000000d6500000)
  to   space 1536K, 0% used [0x00000000d6200000,0x00000000d6200000,0x00000000d6380000)
 ParOldGen       total 72192K, used 45607K [0x0000000080000000, 0x0000000084680000, 0x00000000d5580000)
  object space 72192K, 63% used [0x0000000080000000,0x0000000082c89d98,0x0000000084680000)
 Metaspace       used 58445K, committed 59776K, reserved 1114112K
  class space    used 6212K, committed 6784K, reserved 1048576K
}
Event: 45.896 GC heap before
{Heap before GC invocations=66 (full 3):
 PSYoungGen      total 13312K, used 12277K [0x00000000d5580000, 0x00000000d6500000, 0x0000000100000000)
  eden space 12288K, 99% used [0x00000000d5580000,0x00000000d617d558,0x00000000d6180000)
  from space 1024K, 0% used [0x00000000d6400000,0x00000000d6400000,0x00000000d6500000)
  to   space 1536K, 0% used [0x00000000d6200000,0x00000000d6200000,0x00000000d6380000)
 ParOldGen       total 72192K, used 45607K [0x0000000080000000, 0x0000000084680000, 0x00000000d5580000)
  object space 72192K, 63% used [0x0000000080000000,0x0000000082c89d98,0x0000000084680000)
 Metaspace       used 59413K, committed 60800K, reserved 1114112K
  class space    used 6314K, committed 6912K, reserved 1048576K
}
Event: 45.898 GC heap after
{Heap after GC invocations=66 (full 3):
 PSYoungGen      total 13824K, used 1035K [0x00000000d5580000, 0x00000000d6480000, 0x0000000100000000)
  eden space 12288K, 0% used [0x00000000d5580000,0x00000000d5580000,0x00000000d6180000)
  from space 1536K, 67% used [0x00000000d6200000,0x00000000d6302ec0,0x00000000d6380000)
  to   space 1024K, 0% used [0x00000000d6380000,0x00000000d6380000,0x00000000d6480000)
 ParOldGen       total 72192K, used 45615K [0x0000000080000000, 0x0000000084680000, 0x00000000d5580000)
  object space 72192K, 63% used [0x0000000080000000,0x0000000082c8bd98,0x0000000084680000)
 Metaspace       used 59413K, committed 60800K, reserved 1114112K
  class space    used 6314K, committed 6912K, reserved 1048576K
}
Event: 48.858 GC heap before
{Heap before GC invocations=67 (full 3):
 PSYoungGen      total 13824K, used 13322K [0x00000000d5580000, 0x00000000d6480000, 0x0000000100000000)
  eden space 12288K, 99% used [0x00000000d5580000,0x00000000d617fc50,0x00000000d6180000)
  from space 1536K, 67% used [0x00000000d6200000,0x00000000d6302ec0,0x00000000d6380000)
  to   space 1024K, 0% used [0x00000000d6380000,0x00000000d6380000,0x00000000d6480000)
 ParOldGen       total 72192K, used 45615K [0x0000000080000000, 0x0000000084680000, 0x00000000d5580000)
  object space 72192K, 63% used [0x0000000080000000,0x0000000082c8bd98,0x0000000084680000)
 Metaspace       used 60789K, committed 62144K, reserved 1114112K
  class space    used 6462K, committed 7040K, reserved 1048576K
}
Event: 48.862 GC heap after
{Heap after GC invocations=67 (full 3):
 PSYoungGen      total 13312K, used 601K [0x00000000d5580000, 0x00000000d6480000, 0x0000000100000000)
  eden space 12288K, 0% used [0x00000000d5580000,0x00000000d5580000,0x00000000d6180000)
  from space 1024K, 58% used [0x00000000d6380000,0x00000000d6416660,0x00000000d6480000)
  to   space 1024K, 0% used [0x00000000d6280000,0x00000000d6280000,0x00000000d6380000)
 ParOldGen       total 72192K, used 46472K [0x0000000080000000, 0x0000000084680000, 0x00000000d5580000)
  object space 72192K, 64% used [0x0000000080000000,0x0000000082d62188,0x0000000084680000)
 Metaspace       used 60789K, committed 62144K, reserved 1114112K
  class space    used 6462K, committed 7040K, reserved 1048576K
}
Event: 50.019 GC heap before
{Heap before GC invocations=68 (full 3):
 PSYoungGen      total 13312K, used 12889K [0x00000000d5580000, 0x00000000d6480000, 0x0000000100000000)
  eden space 12288K, 100% used [0x00000000d5580000,0x00000000d6180000,0x00000000d6180000)
  from space 1024K, 58% used [0x00000000d6380000,0x00000000d6416660,0x00000000d6480000)
  to   space 1024K, 0% used [0x00000000d6280000,0x00000000d6280000,0x00000000d6380000)
 ParOldGen       total 72192K, used 46472K [0x0000000080000000, 0x0000000084680000, 0x00000000d5580000)
  object space 72192K, 64% used [0x0000000080000000,0x0000000082d62188,0x0000000084680000)
 Metaspace       used 61297K, committed 62720K, reserved 1114112K
  class space    used 6511K, committed 7104K, reserved 1048576K
}
Event: 50.020 GC heap after
{Heap after GC invocations=68 (full 3):
 PSYoungGen      total 13312K, used 544K [0x00000000d5580000, 0x00000000d6400000, 0x0000000100000000)
  eden space 12288K, 0% used [0x00000000d5580000,0x00000000d5580000,0x00000000d6180000)
  from space 1024K, 53% used [0x00000000d6280000,0x00000000d6308020,0x00000000d6380000)
  to   space 512K, 0% used [0x00000000d6380000,0x00000000d6380000,0x00000000d6400000)
 ParOldGen       total 72192K, used 46872K [0x0000000080000000, 0x0000000084680000, 0x00000000d5580000)
  object space 72192K, 64% used [0x0000000080000000,0x0000000082dc6000,0x0000000084680000)
 Metaspace       used 61297K, committed 62720K, reserved 1114112K
  class space    used 6511K, committed 7104K, reserved 1048576K
}

Dll operation events (12 events):
Event: 0.102 Loaded shared library c:\Users\vaish\.vscode\extensions\redhat.java-1.53.0-win32-x64\jre\21.0.10-win32-x86_64\bin\java.dll
Event: 0.348 Loaded shared library c:\Users\vaish\.vscode\extensions\redhat.java-1.53.0-win32-x64\jre\21.0.10-win32-x86_64\bin\zip.dll
Event: 0.401 Loaded shared library C:\Users\vaish\.vscode\extensions\redhat.java-1.53.0-win32-x64\jre\21.0.10-win32-x86_64\bin\instrument.dll
Event: 0.415 Loaded shared library C:\Users\vaish\.vscode\extensions\redhat.java-1.53.0-win32-x64\jre\21.0.10-win32-x86_64\bin\net.dll
Event: 0.426 Loaded shared library C:\Users\vaish\.vscode\extensions\redhat.java-1.53.0-win32-x64\jre\21.0.10-win32-x86_64\bin\nio.dll
Event: 0.439 Loaded shared library C:\Users\vaish\.vscode\extensions\redhat.java-1.53.0-win32-x64\jre\21.0.10-win32-x86_64\bin\zip.dll
Event: 0.498 Loaded shared library C:\Users\vaish\.vscode\extensions\redhat.java-1.53.0-win32-x64\jre\21.0.10-win32-x86_64\bin\jimage.dll
Event: 0.783 Loaded shared library c:\Users\vaish\.vscode\extensions\redhat.java-1.53.0-win32-x64\jre\21.0.10-win32-x86_64\bin\verify.dll
Event: 4.757 Loaded shared library C:\Users\vaish\AppData\Roaming\Code\User\globalStorage\redhat.java\1.53.0\config_win\org.eclipse.equinox.launcher\org.eclipse.equinox.launcher.win32.win32.x86_64_1.3.0.v20260203-2149\eclipse_11919.dll
Event: 9.593 Loaded shared library C:\Users\vaish\.vscode\extensions\redhat.java-1.53.0-win32-x64\jre\21.0.10-win32-x86_64\bin\management.dll
Event: 9.604 Loaded shared library C:\Users\vaish\.vscode\extensions\redhat.java-1.53.0-win32-x64\jre\21.0.10-win32-x86_64\bin\management_ext.dll
Event: 18.709 Loaded shared library C:\Users\vaish\AppData\Local\Temp\jna-111969779\jna17461591752170620316.dll

Deoptimization events (20 events):
Event: 49.955 Thread 0x0000015d8934a260 DEOPT PACKING pc=0x0000015d3646338c sp=0x0000002e797fdf00
Event: 49.955 Thread 0x0000015d8934a260 DEOPT UNPACKING pc=0x0000015d35a63aa2 sp=0x0000002e797fde48 mode 2
Event: 49.955 Thread 0x0000015d8934a260 Uncommon trap: trap_request=0xffffffc6 fr.pc=0x0000015d36462e2c relative=0x000000000000008c
Event: 49.955 Thread 0x0000015d8934a260 Uncommon trap: reason=bimorphic_or_optimized_type_check action=maybe_recompile pc=0x0000015d36462e2c method=java.util.Collections$UnmodifiableMap$UnmodifiableEntrySet$1.hasNext()Z @ 4 c2
Event: 49.955 Thread 0x0000015d8934a260 DEOPT PACKING pc=0x0000015d36462e2c sp=0x0000002e797fdf30
Event: 49.955 Thread 0x0000015d8934a260 DEOPT UNPACKING pc=0x0000015d35a63aa2 sp=0x0000002e797fdeb8 mode 2
Event: 49.955 Thread 0x0000015d8934a260 Uncommon trap: trap_request=0xffffffde fr.pc=0x0000015d3646338c relative=0x000000000000024c
Event: 49.955 Thread 0x0000015d8934a260 Uncommon trap: reason=class_check action=maybe_recompile pc=0x0000015d3646338c method=java.util.Collections$UnmodifiableMap$UnmodifiableEntrySet$1.next()Ljava/util/Map$Entry; @ 8 c2
Event: 49.955 Thread 0x0000015d8934a260 DEOPT PACKING pc=0x0000015d3646338c sp=0x0000002e797fdf00
Event: 49.955 Thread 0x0000015d8934a260 DEOPT UNPACKING pc=0x0000015d35a63aa2 sp=0x0000002e797fde48 mode 2
Event: 49.955 Thread 0x0000015d8934a260 Uncommon trap: trap_request=0xffffffc6 fr.pc=0x0000015d36462e2c relative=0x000000000000008c
Event: 49.955 Thread 0x0000015d8934a260 Uncommon trap: reason=bimorphic_or_optimized_type_check action=maybe_recompile pc=0x0000015d36462e2c method=java.util.Collections$UnmodifiableMap$UnmodifiableEntrySet$1.hasNext()Z @ 4 c2
Event: 49.955 Thread 0x0000015d8934a260 DEOPT PACKING pc=0x0000015d36462e2c sp=0x0000002e797fdf30
Event: 49.955 Thread 0x0000015d8934a260 DEOPT UNPACKING pc=0x0000015d35a63aa2 sp=0x0000002e797fdeb8 mode 2
Event: 49.955 Thread 0x0000015d8934a260 Uncommon trap: trap_request=0xffffffde fr.pc=0x0000015d3646338c relative=0x000000000000024c
Event: 49.955 Thread 0x0000015d8934a260 Uncommon trap: reason=class_check action=maybe_recompile pc=0x0000015d3646338c method=java.util.Collections$UnmodifiableMap$UnmodifiableEntrySet$1.next()Ljava/util/Map$Entry; @ 8 c2
Event: 49.955 Thread 0x0000015d8934a260 DEOPT PACKING pc=0x0000015d3646338c sp=0x0000002e797fdf00
Event: 49.955 Thread 0x0000015d8934a260 DEOPT UNPACKING pc=0x0000015d35a63aa2 sp=0x0000002e797fde48 mode 2
Event: 49.996 Thread 0x0000015d8908a1f0 DEOPT PACKING pc=0x0000015d2fb9ba4e sp=0x0000002e7b6fd8f0
Event: 49.996 Thread 0x0000015d8908a1f0 DEOPT UNPACKING pc=0x0000015d35a64242 sp=0x0000002e7b6fce70 mode 0

Classes loaded (20 events):
Event: 46.288 Loading class java/util/regex/PatternSyntaxException
Event: 46.290 Loading class java/util/regex/PatternSyntaxException done
Event: 47.746 Loading class java/nio/file/attribute/PosixFileAttributes
Event: 47.747 Loading class java/nio/file/attribute/PosixFileAttributes done
Event: 47.774 Loading class java/nio/file/attribute/PosixFileAttributeView
Event: 47.774 Loading class java/nio/file/attribute/PosixFileAttributeView done
Event: 48.803 Loading class java/lang/Throwable$WrappedPrintWriter
Event: 48.803 Loading class java/lang/Throwable$PrintStreamOrWriter
Event: 48.803 Loading class java/lang/Throwable$PrintStreamOrWriter done
Event: 48.803 Loading class java/lang/Throwable$WrappedPrintWriter done
Event: 48.805 Loading class java/util/stream/ReferencePipeline$4
Event: 48.805 Loading class java/util/stream/ReferencePipeline$4 done
Event: 48.806 Loading class java/util/stream/Nodes$IntFixedNodeBuilder
Event: 48.806 Loading class java/util/stream/Node$Builder$OfInt
Event: 48.807 Loading class java/util/stream/Node$Builder$OfInt done
Event: 48.807 Loading class java/util/stream/Nodes$IntArrayNode
Event: 48.807 Loading class java/util/stream/Nodes$IntArrayNode done
Event: 48.807 Loading class java/util/stream/Nodes$IntFixedNodeBuilder done
Event: 48.807 Loading class java/util/stream/ReferencePipeline$4$1
Event: 48.808 Loading class java/util/stream/ReferencePipeline$4$1 done

Classes unloaded (20 events):
Event: 11.457 Thread 0x0000015d2b253130 Unloading class 0x0000015d431b4400 'java/lang/invoke/LambdaForm$MH+0x0000015d431b4400'
Event: 11.457 Thread 0x0000015d2b253130 Unloading class 0x0000015d431b4000 'java/lang/invoke/LambdaForm$BMH+0x0000015d431b4000'
Event: 11.457 Thread 0x0000015d2b253130 Unloading class 0x0000015d431b3c00 'java/lang/invoke/LambdaForm$DMH+0x0000015d431b3c00'
Event: 11.457 Thread 0x0000015d2b253130 Unloading class 0x0000015d431b2800 'java/lang/invoke/LambdaForm$DMH+0x0000015d431b2800'
Event: 20.037 Thread 0x0000015d2b253130 Unloading class 0x0000015d432d1800 'java/lang/invoke/LambdaForm$MH+0x0000015d432d1800'
Event: 20.037 Thread 0x0000015d2b253130 Unloading class 0x0000015d432d0c00 'java/lang/invoke/LambdaForm$MH+0x0000015d432d0c00'
Event: 20.037 Thread 0x0000015d2b253130 Unloading class 0x0000015d432d0400 'java/lang/invoke/LambdaForm$MH+0x0000015d432d0400'
Event: 20.037 Thread 0x0000015d2b253130 Unloading class 0x0000015d432d0000 'java/lang/invoke/LambdaForm$MH+0x0000015d432d0000'
Event: 20.037 Thread 0x0000015d2b253130 Unloading class 0x0000015d432cb800 'java/lang/invoke/LambdaForm$DMH+0x0000015d432cb800'
Event: 20.037 Thread 0x0000015d2b253130 Unloading class 0x0000015d432cac00 'java/lang/invoke/LambdaForm$MH+0x0000015d432cac00'
Event: 20.037 Thread 0x0000015d2b253130 Unloading class 0x0000015d432c7400 'java/lang/invoke/LambdaForm$MH+0x0000015d432c7400'
Event: 20.037 Thread 0x0000015d2b253130 Unloading class 0x0000015d432c7000 'java/lang/invoke/LambdaForm$MH+0x0000015d432c7000'
Event: 20.037 Thread 0x0000015d2b253130 Unloading class 0x0000015d432c6400 'java/lang/invoke/LambdaForm$MH+0x0000015d432c6400'
Event: 20.037 Thread 0x0000015d2b253130 Unloading class 0x0000015d432c5800 'java/lang/invoke/LambdaForm$MH+0x0000015d432c5800'
Event: 20.037 Thread 0x0000015d2b253130 Unloading class 0x0000015d432c5000 'java/lang/invoke/LambdaForm$MH+0x0000015d432c5000'
Event: 20.037 Thread 0x0000015d2b253130 Unloading class 0x0000015d432c4800 'java/lang/invoke/LambdaForm$MH+0x0000015d432c4800'
Event: 45.307 Thread 0x0000015d2b253130 Unloading class 0x0000015d435bd000 'java/lang/invoke/LambdaForm$DMH+0x0000015d435bd000'
Event: 45.307 Thread 0x0000015d2b253130 Unloading class 0x0000015d435bd400 'java/lang/invoke/LambdaForm$DMH+0x0000015d435bd400'
Event: 45.307 Thread 0x0000015d2b253130 Unloading class 0x0000015d435bd800 'java/lang/invoke/LambdaForm$DMH+0x0000015d435bd800'
Event: 45.307 Thread 0x0000015d2b253130 Unloading class 0x0000015d435bc800 'java/lang/invoke/LambdaForm$DMH+0x0000015d435bc800'

Classes redefined (0 events):
No events

Internal exceptions (20 events):
Event: 48.903 Thread 0x0000015d8908a1f0 Exception <a 'sun/nio/fs/WindowsException'{0x00000000d578c9f0}> (0x00000000d578c9f0) 
thrown [s\src\hotspot\share\prims\jni.cpp, line 520]
Event: 48.908 Thread 0x0000015d8908a1f0 Exception <a 'java/io/FileNotFoundException'{0x00000000d57a47b8}> (0x00000000d57a47b8) 
thrown [s\src\hotspot\share\prims\jni.cpp, line 520]
Event: 48.909 Thread 0x0000015d8908a1f0 Exception <a 'java/io/FileNotFoundException'{0x00000000d57a5538}> (0x00000000d57a5538) 
thrown [s\src\hotspot\share\prims\jni.cpp, line 520]
Event: 49.925 Thread 0x0000015d8908a1f0 Exception <a 'sun/nio/fs/WindowsException'{0x00000000d5846b48}> (0x00000000d5846b48) 
thrown [s\src\hotspot\share\prims\jni.cpp, line 520]
Event: 49.925 Thread 0x0000015d8908a1f0 Exception <a 'sun/nio/fs/WindowsException'{0x00000000d58473a0}> (0x00000000d58473a0) 
thrown [s\src\hotspot\share\prims\jni.cpp, line 520]
Event: 49.926 Thread 0x0000015d8908a1f0 Exception <a 'sun/nio/fs/WindowsException'{0x00000000d5848460}> (0x00000000d5848460) 
thrown [s\src\hotspot\share\prims\jni.cpp, line 520]
Event: 49.926 Thread 0x0000015d8908a1f0 Exception <a 'sun/nio/fs/WindowsException'{0x00000000d5858d90}> (0x00000000d5858d90) 
thrown [s\src\hotspot\share\prims\jni.cpp, line 520]
Event: 49.927 Thread 0x0000015d8908a1f0 Exception <a 'sun/nio/fs/WindowsException'{0x00000000d5859e68}> (0x00000000d5859e68) 
thrown [s\src\hotspot\share\prims\jni.cpp, line 520]
Event: 49.927 Thread 0x0000015d8908a1f0 Exception <a 'sun/nio/fs/WindowsException'{0x00000000d585a6c0}> (0x00000000d585a6c0) 
thrown [s\src\hotspot\share\prims\jni.cpp, line 520]
Event: 49.947 Thread 0x0000015d8908a1f0 Exception <a 'sun/nio/fs/WindowsException'{0x00000000d59b5ec8}> (0x00000000d59b5ec8) 
thrown [s\src\hotspot\share\prims\jni.cpp, line 520]
Event: 49.947 Thread 0x0000015d8908a1f0 Exception <a 'sun/nio/fs/WindowsException'{0x00000000d59b69d0}> (0x00000000d59b69d0) 
thrown [s\src\hotspot\share\prims\jni.cpp, line 520]
Event: 49.947 Thread 0x0000015d8908a1f0 Exception <a 'sun/nio/fs/WindowsException'{0x00000000d59b7d40}> (0x00000000d59b7d40) 
thrown [s\src\hotspot\share\prims\jni.cpp, line 520]
Event: 49.947 Thread 0x0000015d8908a1f0 Exception <a 'sun/nio/fs/WindowsException'{0x00000000d59b8620}> (0x00000000d59b8620) 
thrown [s\src\hotspot\share\prims\jni.cpp, line 520]
Event: 49.948 Thread 0x0000015d8908a1f0 Exception <a 'sun/nio/fs/WindowsException'{0x00000000d59b9c38}> (0x00000000d59b9c38) 
thrown [s\src\hotspot\share\prims\jni.cpp, line 520]
Event: 49.948 Thread 0x0000015d8908a1f0 Exception <a 'sun/nio/fs/WindowsException'{0x00000000d59ba490}> (0x00000000d59ba490) 
thrown [s\src\hotspot\share\prims\jni.cpp, line 520]
Event: 49.949 Thread 0x0000015d8908a1f0 Exception <a 'sun/nio/fs/WindowsException'{0x00000000d59bb460}> (0x00000000d59bb460) 
thrown [s\src\hotspot\share\prims\jni.cpp, line 520]
Event: 49.949 Thread 0x0000015d8908a1f0 Exception <a 'sun/nio/fs/WindowsException'{0x00000000d59bbf68}> (0x00000000d59bbf68) 
thrown [s\src\hotspot\share\prims\jni.cpp, line 520]
Event: 49.950 Thread 0x0000015d8908a1f0 Exception <a 'sun/nio/fs/WindowsException'{0x00000000d59bd2d8}> (0x00000000d59bd2d8) 
thrown [s\src\hotspot\share\prims\jni.cpp, line 520]
Event: 49.950 Thread 0x0000015d8908a1f0 Exception <a 'sun/nio/fs/WindowsException'{0x00000000d59bdbb8}> (0x00000000d59bdbb8) 
thrown [s\src\hotspot\share\prims\jni.cpp, line 520]
Event: 50.887 Thread 0x0000015d899c6de0 Exception <a 'java/lang/IncompatibleClassChangeError'{0x00000000d567bec8}: Found class java.lang.Object, but interface was expected> (0x00000000d567bec8) 
thrown [s\src\hotspot\share\interpreter\linkResolver.cpp, line 840]

ZGC Phase Switch (0 events):
No events

VM Operations (20 events):
Event: 45.507 Executing non-safepoint VM operation: HandshakeAllThreads (Deoptimize)
Event: 45.507 Executing non-safepoint VM operation: HandshakeAllThreads (Deoptimize) done
Event: 45.517 Executing non-safepoint VM operation: HandshakeAllThreads (Deoptimize)
Event: 45.528 Executing non-safepoint VM operation: HandshakeAllThreads (Deoptimize) done
Event: 45.896 Executing safepoint VM operation: ParallelGCFailedAllocation (Allocation Failure)
Event: 45.898 Executing safepoint VM operation: ParallelGCFailedAllocation (Allocation Failure) done
Event: 46.911 Executing safepoint VM operation: Cleanup
Event: 47.539 Executing safepoint VM operation: Cleanup done
Event: 47.648 Executing non-safepoint VM operation: HandshakeAllThreads (Deoptimize)
Event: 47.648 Executing non-safepoint VM operation: HandshakeAllThreads (Deoptimize) done
Event: 47.654 Executing non-safepoint VM operation: HandshakeAllThreads (Deoptimize)
Event: 47.654 Executing non-safepoint VM operation: HandshakeAllThreads (Deoptimize) done
Event: 47.772 Executing non-safepoint VM operation: HandshakeAllThreads (Deoptimize)
Event: 47.772 Executing non-safepoint VM operation: HandshakeAllThreads (Deoptimize) done
Event: 48.773 Executing safepoint VM operation: Cleanup
Event: 48.798 Executing safepoint VM operation: Cleanup done
Event: 48.845 Executing safepoint VM operation: ParallelGCFailedAllocation (Allocation Failure)
Event: 48.862 Executing safepoint VM operation: ParallelGCFailedAllocation (Allocation Failure) done
Event: 50.019 Executing safepoint VM operation: ParallelGCFailedAllocation (Allocation Failure)
Event: 50.020 Executing safepoint VM operation: ParallelGCFailedAllocation (Allocation Failure) done

Memory protections (0 events):
No events

Nmethod flushes (20 events):
Event: 45.361 Thread 0x0000015d2b253130 flushing  nmethod 0x0000015d2eef7e10
Event: 45.361 Thread 0x0000015d2b253130 flushing  nmethod 0x0000015d2eef8390
Event: 45.361 Thread 0x0000015d2b253130 flushing  nmethod 0x0000015d2eef8710
Event: 45.361 Thread 0x0000015d2b253130 flushing  nmethod 0x0000015d2eef8c10
Event: 45.361 Thread 0x0000015d2b253130 flushing  nmethod 0x0000015d2eef9490
Event: 45.361 Thread 0x0000015d2b253130 flushing  nmethod 0x0000015d2eefaf90
Event: 45.361 Thread 0x0000015d2b253130 flushing  nmethod 0x0000015d2eefb790
Event: 45.361 Thread 0x0000015d2b253130 flushing  nmethod 0x0000015d2ef17a90
Event: 45.361 Thread 0x0000015d2b253130 flushing  nmethod 0x0000015d2ef2f790
Event: 45.361 Thread 0x0000015d2b253130 flushing  nmethod 0x0000015d2ef34c10
Event: 45.361 Thread 0x0000015d2b253130 flushing  nmethod 0x0000015d2ef35e10
Event: 45.361 Thread 0x0000015d2b253130 flushing  nmethod 0x0000015d2ef36410
Event: 45.361 Thread 0x0000015d2b253130 flushing  nmethod 0x0000015d2ef36c90
Event: 45.361 Thread 0x0000015d2b253130 flushing  nmethod 0x0000015d2ef4f690
Event: 45.361 Thread 0x0000015d2b253130 flushing osr nmethod 0x0000015d2ef51510
Event: 45.361 Thread 0x0000015d2b253130 flushing  nmethod 0x0000015d2ef5e310
Event: 45.361 Thread 0x0000015d2b253130 flushing  nmethod 0x0000015d2ef64690
Event: 45.361 Thread 0x0000015d2b253130 flushing  nmethod 0x0000015d2ef87890
Event: 45.361 Thread 0x0000015d2b253130 flushing  nmethod 0x0000015d2ef8b090
Event: 45.361 Thread 0x0000015d2b253130 flushing  nmethod 0x0000015d2efa6590

Events (20 events):
Event: 38.468 Thread 0x0000015d8908d670 Thread exited: 0x0000015d8908d670
Event: 38.468 Thread 0x0000015d8908cfe0 Thread exited: 0x0000015d8908cfe0
Event: 38.469 Thread 0x0000015d8908a1f0 Thread exited: 0x0000015d8908a1f0
Event: 38.956 Thread 0x0000015d8ae5b990 Thread exited: 0x0000015d8ae5b990
Event: 40.026 Thread 0x0000015d8934a8f0 Thread added: 0x0000015d8908cfe0
Event: 40.028 Thread 0x0000015d8908cfe0 Thread exited: 0x0000015d8908cfe0
Event: 40.037 Thread 0x0000015d84580090 Thread added: 0x0000015d8b777fc0
Event: 42.262 Thread 0x0000015d899c8190 Thread added: 0x0000015d8908c2c0
Event: 42.265 Thread 0x0000015d8934af80 Thread added: 0x0000015d8908a1f0
Event: 44.116 Thread 0x0000015d8934a8f0 Thread added: 0x0000015d8908f0b0
Event: 44.118 Thread 0x0000015d8908f0b0 Thread exited: 0x0000015d8908f0b0
Event: 44.243 Thread 0x0000015d8b777fc0 Thread exited: 0x0000015d8b777fc0
Event: 44.553 Thread 0x0000015d84580090 Thread added: 0x0000015d89c0cee0
Event: 45.190 Thread 0x0000015d89349bd0 Thread added: 0x0000015d8908f740
Event: 45.245 Thread 0x0000015d8908f740 Thread exited: 0x0000015d8908f740
Event: 45.498 Thread 0x0000015d89349bd0 Thread added: 0x0000015d89090af0
Event: 45.502 Thread 0x0000015d89090af0 Thread exited: 0x0000015d89090af0
Event: 47.541 Thread 0x0000015d8934af80 Thread added: 0x0000015d89090af0
Event: 49.925 Thread 0x0000015d89c0cee0 Thread exited: 0x0000015d89c0cee0
Event: 49.957 Thread 0x0000015d84580090 Thread added: 0x0000015d90d64200


Dynamic libraries:
0x00007ff737110000 - 0x00007ff73711e000 	c:\Users\vaish\.vscode\extensions\redhat.java-1.53.0-win32-x64\jre\21.0.10-win32-x86_64\bin\java.exe
0x00007ffba40e0000 - 0x00007ffba4348000 	C:\WINDOWS\SYSTEM32\ntdll.dll
0x00007ffba3410000 - 0x00007ffba34d9000 	C:\WINDOWS\System32\KERNEL32.DLL
0x00007ffba0d50000 - 0x00007ffba1141000 	C:\WINDOWS\System32\KERNELBASE.dll
0x00007ffb9dfa0000 - 0x00007ffb9e03e000 	C:\WINDOWS\SYSTEM32\apphelp.dll
0x00007ffba0c00000 - 0x00007ffba0d4b000 	C:\WINDOWS\System32\ucrtbase.dll
0x00007ffb9de80000 - 0x00007ffb9de98000 	c:\Users\vaish\.vscode\extensions\redhat.java-1.53.0-win32-x64\jre\21.0.10-win32-x86_64\bin\jli.dll
0x00007ffb9e2f0000 - 0x00007ffb9e30e000 	c:\Users\vaish\.vscode\extensions\redhat.java-1.53.0-win32-x64\jre\21.0.10-win32-x86_64\bin\VCRUNTIME140.dll
0x00007ffba3b80000 - 0x00007ffba3d46000 	C:\WINDOWS\System32\USER32.dll
0x00007ffba19c0000 - 0x00007ffba19e7000 	C:\WINDOWS\System32\win32u.dll
0x00007ffba3d60000 - 0x00007ffba3d8b000 	C:\WINDOWS\System32\GDI32.dll
0x00007ffba1c10000 - 0x00007ffba1d3b000 	C:\WINDOWS\System32\gdi32full.dll
0x00007ffba1b60000 - 0x00007ffba1c03000 	C:\WINDOWS\System32\msvcp_win.dll
0x00007ffb83680000 - 0x00007ffb83913000 	C:\WINDOWS\WinSxS\amd64_microsoft.windows.common-controls_6595b64144ccf1df_6.0.26100.7824_none_3e0870b2e3345462\COMCTL32.dll
0x00007ffba1e80000 - 0x00007ffba1f29000 	C:\WINDOWS\System32\msvcrt.dll
0x00007ffba3600000 - 0x00007ffba3631000 	C:\WINDOWS\System32\IMM32.DLL
0x00007ffb90690000 - 0x00007ffb9069c000 	c:\Users\vaish\.vscode\extensions\redhat.java-1.53.0-win32-x64\jre\21.0.10-win32-x86_64\bin\vcruntime140_1.dll
0x00007ffb63a30000 - 0x00007ffb63abd000 	c:\Users\vaish\.vscode\extensions\redhat.java-1.53.0-win32-x64\jre\21.0.10-win32-x86_64\bin\msvcp140.dll
0x00007ffb22b30000 - 0x00007ffb238d1000 	c:\Users\vaish\.vscode\extensions\redhat.java-1.53.0-win32-x64\jre\21.0.10-win32-x86_64\bin\server\jvm.dll
0x00007ffba1ff0000 - 0x00007ffba20a4000 	C:\WINDOWS\System32\ADVAPI32.dll
0x00007ffba25e0000 - 0x00007ffba2686000 	C:\WINDOWS\System32\sechost.dll
0x00007ffba2130000 - 0x00007ffba2248000 	C:\WINDOWS\System32\RPCRT4.dll
0x00007ffba1f40000 - 0x00007ffba1fb4000 	C:\WINDOWS\System32\WS2_32.dll
0x00007ffba0840000 - 0x00007ffba089e000 	C:\WINDOWS\SYSTEM32\POWRPROF.dll
0x00007ffb9ed00000 - 0x00007ffb9ed0b000 	C:\WINDOWS\SYSTEM32\VERSION.dll
0x00007ffb99670000 - 0x00007ffb996a5000 	C:\WINDOWS\SYSTEM32\WINMM.dll
0x00007ffba0820000 - 0x00007ffba0834000 	C:\WINDOWS\SYSTEM32\UMPDC.dll
0x00007ffb9f760000 - 0x00007ffb9f77b000 	C:\WINDOWS\SYSTEM32\kernel.appcore.dll
0x00007ffb8f5c0000 - 0x00007ffb8f5ca000 	c:\Users\vaish\.vscode\extensions\redhat.java-1.53.0-win32-x64\jre\21.0.10-win32-x86_64\bin\jimage.dll
0x00007ffb95550000 - 0x00007ffb95792000 	C:\WINDOWS\SYSTEM32\DBGHELP.DLL
0x00007ffba2250000 - 0x00007ffba25d6000 	C:\WINDOWS\System32\combase.dll
0x00007ffba37c0000 - 0x00007ffba3897000 	C:\WINDOWS\System32\OLEAUT32.dll
0x00007ffb9bed0000 - 0x00007ffb9bf0b000 	C:\WINDOWS\SYSTEM32\dbgcore.DLL
0x00007ffba1d40000 - 0x00007ffba1de5000 	C:\WINDOWS\System32\bcryptPrimitives.dll
0x00007ffb8f5b0000 - 0x00007ffb8f5bf000 	c:\Users\vaish\.vscode\extensions\redhat.java-1.53.0-win32-x64\jre\21.0.10-win32-x86_64\bin\instrument.dll
0x00007ffb817f0000 - 0x00007ffb81810000 	c:\Users\vaish\.vscode\extensions\redhat.java-1.53.0-win32-x64\jre\21.0.10-win32-x86_64\bin\java.dll
0x00007ffba2b20000 - 0x00007ffba3272000 	C:\WINDOWS\System32\SHELL32.dll
0x00007ffba19f0000 - 0x00007ffba1b5a000 	C:\WINDOWS\System32\wintypes.dll
0x00007ffba1150000 - 0x00007ffba19b3000 	C:\WINDOWS\System32\windows.storage.dll
0x00007ffba36c0000 - 0x00007ffba37b6000 	C:\WINDOWS\System32\SHCORE.dll
0x00007ffba3350000 - 0x00007ffba33b7000 	C:\WINDOWS\System32\shlwapi.dll
0x00007ffba08e0000 - 0x00007ffba0909000 	C:\WINDOWS\SYSTEM32\profapi.dll
0x00007ffb77930000 - 0x00007ffb77948000 	c:\Users\vaish\.vscode\extensions\redhat.java-1.53.0-win32-x64\jre\21.0.10-win32-x86_64\bin\zip.dll
0x00007ffb813a0000 - 0x00007ffb813b0000 	C:\Users\vaish\.vscode\extensions\redhat.java-1.53.0-win32-x64\jre\21.0.10-win32-x86_64\bin\net.dll
0x00007ffb99770000 - 0x00007ffb99897000 	C:\WINDOWS\SYSTEM32\WINHTTP.dll
0x00007ffb9fcd0000 - 0x00007ffb9fd3b000 	C:\WINDOWS\system32\mswsock.dll
0x00007ffb741f0000 - 0x00007ffb74206000 	C:\Users\vaish\.vscode\extensions\redhat.java-1.53.0-win32-x64\jre\21.0.10-win32-x86_64\bin\nio.dll
0x00007ffb7d430000 - 0x00007ffb7d440000 	c:\Users\vaish\.vscode\extensions\redhat.java-1.53.0-win32-x64\jre\21.0.10-win32-x86_64\bin\verify.dll
0x00007ffb630c0000 - 0x00007ffb63105000 	C:\Users\vaish\AppData\Roaming\Code\User\globalStorage\redhat.java\1.53.0\config_win\org.eclipse.equinox.launcher\org.eclipse.equinox.launcher.win32.win32.x86_64_1.3.0.v20260203-2149\eclipse_11919.dll
0x00007ffba3d90000 - 0x00007ffba3f27000 	C:\WINDOWS\System32\ole32.dll
0x00007ffb7c620000 - 0x00007ffb7c62a000 	C:\Users\vaish\.vscode\extensions\redhat.java-1.53.0-win32-x64\jre\21.0.10-win32-x86_64\bin\management.dll
0x00007ffb7c280000 - 0x00007ffb7c28c000 	C:\Users\vaish\.vscode\extensions\redhat.java-1.53.0-win32-x64\jre\21.0.10-win32-x86_64\bin\management_ext.dll
0x00007ffba3d50000 - 0x00007ffba3d58000 	C:\WINDOWS\System32\PSAPI.DLL
0x00007ffb9ffa0000 - 0x00007ffb9ffbb000 	C:\WINDOWS\SYSTEM32\CRYPTSP.dll
0x00007ffb9f6c0000 - 0x00007ffb9f6f9000 	C:\WINDOWS\system32\rsaenh.dll
0x00007ffb9fd80000 - 0x00007ffb9fdab000 	C:\WINDOWS\SYSTEM32\USERENV.dll
0x00007ffba08b0000 - 0x00007ffba08da000 	C:\WINDOWS\SYSTEM32\bcrypt.dll
0x00007ffb9ffc0000 - 0x00007ffb9ffcc000 	C:\WINDOWS\SYSTEM32\CRYPTBASE.dll
0x00007ffb9f130000 - 0x00007ffb9f164000 	C:\WINDOWS\SYSTEM32\IPHLPAPI.DLL
0x00007ffba1fc0000 - 0x00007ffba1fca000 	C:\WINDOWS\System32\NSI.dll
0x00007ffb62d10000 - 0x00007ffb62d59000 	C:\Users\vaish\AppData\Local\Temp\jna-111969779\jna17461591752170620316.dll
0x00007ffb9b240000 - 0x00007ffb9b25e000 	C:\WINDOWS\SYSTEM32\dhcpcsvc6.DLL
0x00007ffb9b120000 - 0x00007ffb9b143000 	C:\WINDOWS\SYSTEM32\dhcpcsvc.DLL

JVMTI agents:
c:\Users\vaish\.vscode\extensions\redhat.java-1.53.0-win32-x64\lombok\lombok-1.18.39-4050.jar path:c:\Users\vaish\.vscode\extensions\redhat.java-1.53.0-win32-x64\jre\21.0.10-win32-x86_64\bin\instrument.dll, loaded, initialized, instrumentlib options:none

dbghelp: loaded successfully - version: 4.0.5 - missing functions: none
symbol engine: initialized successfully - sym options: 0x614 - pdb path: .;c:\Users\vaish\.vscode\extensions\redhat.java-1.53.0-win32-x64\jre\21.0.10-win32-x86_64\bin;C:\WINDOWS\SYSTEM32;C:\WINDOWS\WinSxS\amd64_microsoft.windows.common-controls_6595b64144ccf1df_6.0.26100.7824_none_3e0870b2e3345462;c:\Users\vaish\.vscode\extensions\redhat.java-1.53.0-win32-x64\jre\21.0.10-win32-x86_64\bin\server;C:\Users\vaish\AppData\Roaming\Code\User\globalStorage\redhat.java\1.53.0\config_win\org.eclipse.equinox.launcher\org.eclipse.equinox.launcher.win32.win32.x86_64_1.3.0.v20260203-2149;C:\Users\vaish\AppData\Local\Temp\jna-111969779

VM Arguments:
jvm_args: --add-modules=ALL-SYSTEM --add-opens=java.base/java.util=ALL-UNNAMED --add-opens=java.base/java.lang=ALL-UNNAMED --add-opens=java.base/sun.nio.fs=ALL-UNNAMED -Declipse.application=org.eclipse.jdt.ls.core.id1 -Dosgi.bundles.defaultStartLevel=4 -Declipse.product=org.eclipse.jdt.ls.core.product -Djava.import.generatesMetadataFilesAtProjectRoot=false -DDetectVMInstallationsJob.disabled=true -Dfile.encoding=utf8 -XX:+UseParallelGC -XX:GCTimeRatio=4 -XX:AdaptiveSizePolicyWeight=90 -Dsun.zip.disableMemoryMapping=true -Xmx2G -Xms100m -Xlog:disable -javaagent:c:\Users\vaish\.vscode\extensions\redhat.java-1.53.0-win32-x64\lombok\lombok-1.18.39-4050.jar -XX:+HeapDumpOnOutOfMemoryError -XX:HeapDumpPath=c:\Users\vaish\AppData\Roaming\Code\User\workspaceStorage\20de42a7cf3f1c8f85030cc46252e7f7\redhat.java -Daether.dependencyCollector.impl=bf 
java_command: c:\Users\vaish\.vscode\extensions\redhat.java-1.53.0-win32-x64\server\plugins\org.eclipse.equinox.launcher_1.7.100.v20251111-0406.jar -configuration c:\Users\vaish\AppData\Roaming\Code\User\globalStorage\redhat.java\1.53.0\config_win -data c:\Users\vaish\AppData\Roaming\Code\User\workspaceStorage\20de42a7cf3f1c8f85030cc46252e7f7\redhat.java\jdt_ws --pipe=\\.\pipe\lsp-cfa3892eaa1f2f2ac6e70db56e2c3309-sock
java_class_path (initial): c:\Users\vaish\.vscode\extensions\redhat.java-1.53.0-win32-x64\server\plugins\org.eclipse.equinox.launcher_1.7.100.v20251111-0406.jar
Launcher Type: SUN_STANDARD

[Global flags]
    uintx AdaptiveSizePolicyWeight                 = 90                                        {product} {command line}
     intx CICompilerCount                          = 4                                         {product} {ergonomic}
    uintx GCTimeRatio                              = 4                                         {product} {command line}
     bool HeapDumpOnOutOfMemoryError               = true                                   {manageable} {command line}
    ccstr HeapDumpPath                             = c:\Users\vaish\AppData\Roaming\Code\User\workspaceStorage\20de42a7cf3f1c8f85030cc46252e7f7\redhat.java         {manageable} {command line}
   size_t InitialHeapSize                          = 104857600                                 {product} {command line}
   size_t MaxHeapSize                              = 2147483648                                {product} {command line}
   size_t MaxNewSize                               = 715653120                                 {product} {ergonomic}
   size_t MinHeapDeltaBytes                        = 524288                                    {product} {ergonomic}
   size_t MinHeapSize                              = 104857600                                 {product} {command line}
   size_t NewSize                                  = 34603008                                  {product} {ergonomic}
    uintx NonNMethodCodeHeapSize                   = 5839372                                {pd product} {ergonomic}
    uintx NonProfiledCodeHeapSize                  = 122909434                              {pd product} {ergonomic}
   size_t OldSize                                  = 70254592                                  {product} {ergonomic}
    uintx ProfiledCodeHeapSize                     = 122909434                              {pd product} {ergonomic}
    uintx ReservedCodeCacheSize                    = 251658240                              {pd product} {ergonomic}
     bool SegmentedCodeCache                       = true                                      {product} {ergonomic}
   size_t SoftMaxHeapSize                          = 2147483648                             {manageable} {ergonomic}
     bool UseCompressedOops                        = true                           {product lp64_product} {ergonomic}
     bool UseLargePagesIndividualAllocation        = false                                  {pd product} {ergonomic}
     bool UseParallelGC                            = true                                      {product} {command line}

Logging:
Log output configuration:
 #0: stdout all=off uptime,level,tags foldmultilines=false
 #1: stderr all=off uptime,level,tags foldmultilines=false

Release file:
JAVA_VERSION="21.0.10" 
MODULES="java.base java.compiler java.datatransfer java.xml java.prefs java.desktop java.instrument java.logging java.management java.security.sasl java.naming java.rmi java.management.rmi java.net.http java.scripting java.security.jgss java.transaction.xa java.sql java.sql.rowset java.xml.crypto java.se java.smartcardio jdk.accessibility jdk.internal.jvmstat jdk.attach jdk.charsets jdk.internal.opt jdk.zipfs jdk.compiler jdk.crypto.ec jdk.crypto.cryptoki jdk.crypto.mscapi jdk.dynalink jdk.internal.ed jdk.editpad jdk.hotspot.agent jdk.httpserver jdk.internal.le jdk.internal.vm.ci jdk.internal.vm.compiler jdk.internal.vm.compiler.management jdk.jartool jdk.javadoc jdk.jcmd jdk.management jdk.management.agent jdk.jconsole jdk.jdeps jdk.jdwp.agent jdk.jdi jdk.jfr jdk.jshell jdk.jsobject jdk.jstatd jdk.localedata jdk.management.jfr jdk.naming.dns jdk.naming.rmi jdk.net jdk.nio.mapmode jdk.random jdk.sctp jdk.security.auth jdk.security.jgss jdk.unsupported jdk.unsupported.desktop jdk.xml.dom" 

Environment Variables:
PATH=C:\Program Files\Google\Chrome\Application;C:\Program Files\Common Files\Oracle\Java\javapath;C:\WINDOWS\system32;C:\WINDOWS;C:\WINDOWS\System32\Wbem;C:\WINDOWS\System32\WindowsPowerShell\v1.0\;C:\WINDOWS\System32\OpenSSH\;C:\Program Files\Java\jdk-21\bin;C:\Program Files\Git\cmd;C:\Program Files\apache-maven-3.9.12\bin;C:\Users\vaish\AppData\Local\Microsoft\WindowsApps;D:\IntelliJ IDEA 2025.3.1\bin;C:\Users\vaish\AppData\Local\Python\bin
USERNAME=vaish
OS=Windows_NT
PROCESSOR_IDENTIFIER=AMD64 Family 23 Model 160 Stepping 0, AuthenticAMD
TMP=C:\Users\vaish\AppData\Local\Temp
TEMP=C:\Users\vaish\AppData\Local\Temp




Periodic native trim disabled

---------------  S Y S T E M  ---------------

OS:
 Windows 11 , 64 bit Build 26100 (10.0.26100.7705)
OS uptime: 2 days 6:16 hours
Hyper-V role detected

CPU: total 8 (initial active 8) (8 cores per cpu, 2 threads per core) family 23 model 160 stepping 0 microcode 0x8a0000a, cx8, cmov, fxsr, ht, mmx, 3dnowpref, sse, sse2, sse3, ssse3, sse4a, sse4.1, sse4.2, popcnt, lzcnt, tsc, tscinvbit, avx, avx2, aes, clmul, bmi1, bmi2, adx, sha, fma, vzeroupper, clflush, clflushopt, hv, rdtscp, rdpid, f16c
Processor Information for the first 8 processors :
  Max Mhz: 2801, Current Mhz: 2483, Mhz Limit: 2801

Memory: 4k page, system-wide physical 7418M (530M free)
TotalPageFile size 19881M (AvailPageFile size 0M)
current process WorkingSet (physical memory assigned to process): 283M, peak: 288M
current process commit charge ("private bytes"): 374M, peak: 379M

vm_info: OpenJDK 64-Bit Server VM (21.0.10+7-LTS) for windows-amd64 JRE (21.0.10+7-LTS), built on 2026-01-20T00:00:00Z by "admin" with MS VC++ 17.12 (VS2022)

END.
